
> todo-frontend@0.1.0 dev
> next dev

âš  Port 3000 is in use by process 4076, using available port 3005 instead.
â–² Next.js 16.1.6 (Turbopack)
- Local:         http://localhost:3005
- Network:       http://192.168.0.36:3005
- Environments: .env

âœ“ Starting...
âœ“ Ready in 1841ms
â—‹ Compiling / ...
[Error [BetterAuthError]: Failed to initialize database adapter]
â¨¯ unhandledRejection: [Error [BetterAuthError]: Failed to initialize database adapter]
â¨¯ unhandledRejection:  [Error [BetterAuthError]: Failed to initialize database adapter]
â¨¯ [Error [BetterAuthError]: Failed to initialize database adapter] {
  digest: '3273661927'
}
 GET / 500 in 9.0s (compile: 8.3s, render: 653ms)
âœ“ Compiled in 253ms
Persisting failed: Unable to write SST file 00000036.sst

Caused by:
    The system cannot find the path specified. (os error 3)
Persisting failed: Another write batch or compaction is already active (Only a single write operations is allowed at a time)
âœ“ Compiled in 319ms
Persisting failed: Another write batch or compaction is already active (Only a single write operations is allowed at a time)
Persisting failed: Another write batch or compaction is already active (Only a single write operations is allowed at a time)
Persisting failed: Another write batch or compaction is already active (Only a single write operations is allowed at a time)

thread 'tokio-runtime-worker' (2108) panicked at C:\actions-runner\_work\next.js\next.js\turbopack\crates\turbo-tasks-backend\src\backend\operation\mod.rs:156:17:
Failed to restore task data (corrupted database or bug): Meta for realpath_with_links (TaskId 189543))

Caused by:
    0: Looking upPersisting failed: Another write batch or compaction is already active (Only a single write operations is allowed at a time)
Persisting failed: Another write batch or compaction is already active (Only a single write operations is allowed at a time)
Persisting failed: Another write batch or compaction is already active (Only a single write operations is allowed at a time)
Persisting failed: Another write batch or compaction is already active (Only a single write operations is allowed at a time)
Persisting failed: Another write batch or compaction is already active (Only a single write operations is allowed at a time)
Persisting failed: Another write batch or compaction is already active (Only a single write operations is allowed at a time)
Persisting failed: Another write batch or compaction is already active (Only a single write operations is allowed at a time)
Persisting failed: Another write batch or compaction is already active (Only a single write operations is allowed at a time)
Persisting failed: Another write batch or compaction is already active (Only a single write operations is allowed at a time)
Persisting failed: Another write batch or compaction is already active (Only a single write operations is allowed at a time)
Persisting failed: Another write batch or compaction is already active (Only a single write operations is allowed at a time)
Persisting failed: Another write batch or compaction is already active (Only a single write operations is allowed at a time)
Persisting failed: Another write batch or compaction is already active (Only a single write operations is allowed at a time)
Persisting failed: Another write batch or compaction is already active (Only a single write operations is allowed at a time)
Persisting failed: Another write batch or compaction is already active (Only a single write operations is allowed at a time)
Persisting failed: Another write batch or compaction is already active (Only a single write operations is allowed at a time)
Persisting failed: Another write batch or compaction is already active (Only a single write operations is allowed at a time)
Persisting failed: Another write batch or compaction is already active (Only a single write operations is allowed at a time)
Persisting failed: Another write batch or compaction is already active (Only a single write operations is allowed at a time)
Persisting failed: Another write batch or compaction is already active (Only a single write operations is allowed at a time)
Persisting failed: Another write batch or compaction is already active (Only a single write operations is allowed at a time)
Persisting failed: Another write batch or compaction is already active (Only a single write operations is allowed at a time)
Persisting failed: Another write batch or compaction is already active (Only a single write operations is allowed at a time)
Persisting failed: Another write batch or compaction is already active (Only a single write operations is allowed at a time)
Persisting failed: Another write batch or compaction is already active (Only a single write operations is allowed at a time)
Persisting failed: Another write batch or compaction is already active (Only a single write operations is allowed at a time)
  Reload env: .env
Persisting failed: Another write batch or compaction is already active (Only a single write operations is allowed at a time)
Persisting failed: Another write batch or compaction is already active (Only a single write operations is allowed at a time)
Persisting failed: Another write batch or compaction is already active (Only a single write operations is allowed at a time)
Persisting failed: Another write batch or compaction is already active (Only a single write operations is allowed at a time)
Persisting failed: Another write batch or compaction is already active (Only a single write operations is allowed at a time)
Persisting failed: Another write batch or compaction is already active (Only a single write operations is allowed at a time)
Persisting failed: Another write batch or compaction is already active (Only a single write operations is allowed at a time)
Persisting failed: Another write batch or compaction is already active (Only a single write operations is allowed at a time)
Persisting failed: Another write batch or compaction is already active (Only a single write operations is allowed at a time)
Persisting failed: Another write batch or compaction is already active (Only a single write operations is allowed at a time)
Persisting failed: Another write batch or compaction is already active (Only a single write operations is allowed at a time)
Persisting failed: Another write batch or compaction is already active (Only a single write operations is allowed at a time)
Persisting failed: Another write batch or compaction is already active (Only a single write operations is allowed at a time)
Persisting failed: Another write batch or compaction is already active (Only a single write operations is allowed at a time)
Persisting failed: Another write batch or compaction is already active (Only a single write operations is allowed at a time)
g failed: Another write batch or compaction is already active (Only a single write operations is allowed at a time)
Persisting failed: Another write batch or compaction is already active (Only a single write operations is allowed at a time)
Persisting failed: Another write batch or compaction is already active (Only a single write operations is allowed at a time)
Persisting failed: Another write batch or compaction is already active (Only a single write operations is allowed at a time)
Persisting failed: Another write batch or compaction is already active (Only a single write operations is allowed at a time)
Persisting failed: Another write batch or compaction is already active (Only a single write operations is allowed at a time)
Persisting failed: Another write batch or compaction is already active (Only a single write operations is allowed at a time)
Persisting failed: Another write batch or compaction is already active (Only a single write operations is allowed at a time)
Persisting failed: Another write batch or compaction is already active (Only a single write operations is allowed at a time)
Persisting failed: Another write batch or compaction is already active (Only a single write operations is allowed at a time)
Persisting failed: Another write batch or compaction is already active (Only a single write operations is allowed at a time)
_links (TaskId 192093))

Debug info:
- Execution of <ModuleAssetContext as AssetContext>::resolve_asset failed
- Execution of resolve failed
- Execution of resolve_internal failed
- Failed to restore task data (corrupted database or bug): Meta for realpath_with_links (TaskId 192093))
  
  Caused by:
      0: Looking up data for TaskId 192093 from database failed
      1: Unable to open static sorted file referenced from 00000046.meta
      2: Unable to open static sorted file 00000041.sst
      3: The system cannot find the file specified. (os error 2)


https://nextjs.org/docs/messages/module-not-found


Persisting failed: Another write batch or compaction is already active (Only a single write operations is allowed at a time)
Persisting failed: Another write batch or compaction is already active (Only a single write operations is allowed at a time)
Persisting failed: Another write batch or compaction is already active (Only a single write operations is allowed at a time)

thread 'tokio-runtime-worker' (8608) panicked at C:\actions-runner\_work\next.js\next.js\turbopack\crates\turbo-tasks-backend\src\backend\operation\mod.rs:156:17:
Failed to restore task data (corrupted database or bug): Meta for ResolveOrigin::resolve_options (TaskId 192665))

Caused by:
    0: Looking up data for TaskId 192665 from database failed
    1: Unable to open static sorted file referenced from 00000046.meta
    2: Unable to open static sorted file 00000041.sst
    3: The system cannot find the file specified. (os error 2)

thread 'tokio-runtime-worker' (8608) panicked at C:\actions-runner\_work\next.js\next.js\turbopack\crates\turbo-tasks-backend\src\backend\operation\mod.rs:156:17:
Failed to restore task data (corrupted database or bug): Meta for <ModuleAssetContext as AssetContext>::process (TaskId 192976))

Caused by:
    0: Looking up data for TaskId 192976 from database failed
    1: Unable to open static sorted file referenced from 00000046.meta
    2: Unable to open static sorted file 00000041.sst
    3: The system cannot find the file specified. (os error 2)

thread 'tokio-runtime-worker' (2516) panicked at C:\actions-runner\_work\next.js\next.js\turbopack\crates\turbo-tasks-backend\src\backend\operation\mod.rs:156:17:
Failed to restore task data (corrupted database or bug): Meta for realpath_with_links (TaskId 192990))

Caused by:
    0: Looking up data for TaskId 192990 from database failed
    1: Unable to open static sorted file referenced from 00000046.meta
    2: Unable to open static sorted file 00000041.sst
    3: The system cannot find the file specified. (os error 2)
â¨¯ ./lib/auth-context.tsx:19:1
Module not found: Can't resolve './auth-api'
[0m [90m 17 |[39m } [36mfrom[39m [32m"react"[39m[33m;[39m
 [90m 18 |[39m [36mimport[39m { useRouter } [36mfrom[39m [32m"next/navigation"[39m[33m;[39m
[31m[1m>[22m[39m[90m 19 |[39m [36mimport[39m {
 [90m    |[39m [31m[1m^[22m[39m[31m[1m^[22m[39m[31m[1m^[22m[39m[31m[1m^[22m[39m[31m[1m^[22m[39m[31m[1m^[22m[39m[31m[1m^[22m[39m[31m[1m^[22m[39m
[31m[1m>[22m[39m[90m 20 |[39m   signup [36mas[39m apiSignup[33m,[39m
 [90m    |[39m [31m[1m^[22m[39m[31m[1m^[22m[39m[31m[1m^[22m[39m[31m[1m^[22m[39m[31m[1m^[22m[39m[31m[1m^[22m[39m[31m[1m^[22m[39m[31m[1m^[22m[39m[31m[1m^[22m[39m[31m[1m^[22m[39m[31m[1m^[22m[39m[31m[1m^[22m[39m[31m[1m^[22m[39m[31m[1m^[22m[39m[31m[1m^[22m[39m[31m[1m^[22m[39m[31m[1m^[22m[39m[31m[1m^[22m[39m[31m[1m^[22m[39m[31m[1m^[22m[39m[31m[1m^[22m[39m[31m[1m^[22m[39m
[31m[1m>[22m[39m[90m 21 |[39m   signin [36mas[39m apiSignin[33m,[39m
 [90m    |[39m [31m[1m^[22m[39m[31m[1m^[22m[39m[31m[1m^[22m[39m[31m[1m^[22m[39m[31m[1m^[22m[39m[31m[1m^[22m[39m[31m[1m^[22m[39m[31m[1m^[22m[39m[31m[1m^[22m[39m[31m[1m^[22m[39m[31m[1m^[22m[39m[31m[1m^[22m[39m[31m[1m^[22m[39m[31m[1m^[22m[39m[31m[1m^[22m[39m[31m[1m^[22m[39m[31m[1m^[22m[39m[31m[1m^[22m[39m[31m[1m^[22m[39m[31m[1m^[22m[39m[31m[1m^[22m[39m[31m[1m^[22m[39m
[31m[1m>[22m[39m[90m 22 |[39m   signout [36mas[39m apiSignout[33m,[39m
 [90m    |[39m [31m[1m^[22m[39m[31m[1m^[22m[39m[31m[1m^[22m[39m[31m[1m^[22m[39m[31m[1m^[22m[39m[31m[1m^[22m[39m[31m[1m^[22m[39m[31m[1m^[22m[39m[31m[1m^[22m[39m[31m[1m^[22m[39m[31m[1m^[22m[39m[31m[1m^[22m[39m[31m[1m^[22m[39m[31m[1m^[22m[39m[31m[1m^[22m[39m[31m[1m^[22m[39m[31m[1m^[22m[39m[31m[1m^[22m[39m[31m[1m^[22m[39m[31m[1m^[22m[39m[31m[1m^[22m[39m[31m[1m^[22m[39m
[31m[1m>[22m[39m[90m 23 |[39m   getCurrentUser[33m,[39m
 [90m    |[39m [31m[1m^[22m[39m[31m[1m^[22m[39m[31m[1m^[22m[39m[31m[1m^[22m[39m[31m[1m^[22m[39m[31m[1m^[22m[39m[31m[1m^[22m[39m[31m[1m^[22m[39m[31m[1m^[22m[39m[31m[1m^[22m[39m[31m[1m^[22m[39m[31m[1m^[22m[39m[31m[1m^[22m[39m[31m[1m^[22m[39m[31m[1m^[22m[39m[31m[1m^[22m[39m[31m[1m^[22m[39m[31m[1m^[22m[39m[31m[1m^[22m[39m[31m[1m^[22m[39m[31m[1m^[22m[39m[31m[1m^[22m[39m
[31m[1m>[22m[39m[90m 24 |[39m   clearAuthToken[33m,[39m
 [90m    |[39m [31m[1m^[22m[39m[31m[1m^[22m[39m[31m[1m^[22m[39m[31m[1m^[22m[39m[31m[1m^[22m[39m[31m[1m^[22m[39m[31m[1m^[22m[39m[31m[1m^[22m[39m[31m[1m^[22m[39m[31m[1m^[22m[39m[31m[1m^[22m[39m[31m[1m^[22m[39m[31m[1m^[22m[39m[31m[1m^[22m[39m[31m[1m^[22m[39m[31m[1m^[22m[39m[31m[1m^[22m[39m[31m[1m^[22m[39m[31m[1m^[22m[39m[31m[1m^[22m[39m[31m[1m^[22m[39m[31m[1m^[22m[39m
[31m[1m>[22m[39m[90m 25 |[39m   type [33mUser[39m[33m,[39m
 [90m    |[39m [31m[1m^[22m[39m[31m[1m^[22m[39m[31m[1m^[22m[39m[31m[1m^[22m[39m[31m[1m^[22m[39m[31m[1m^[22m[39m[31m[1m^[22m[39m[31m[1m^[22m[39m[31m[1m^[22m[39m[31m[1m^[22m[39m[31m[1m^[22m[39m[31m[1m^[22m[39m[31m[1m^[22m[39m[31m[1m^[22m[39m[31m[1m^[22m[39m[31m[1m^[22m[39m[31m[1m^[22m[39m[31m[1m^[22m[39m[31m[1m^[22m[39m[31m[1m^[22m[39m[31m[1m^[22m[39m[31m[1m^[22m[39m
[31m[1m>[22m[39m[90m 26 |[39m   type [33mAuthResult[39m[33m,[39m
 [90m    |[39m [31m[1m^[22m[39m[31m[1m^[22m[39m[31m[1m^[22m[39m[31m[1m^[22m[39m[31m[1m^[22m[39m[31m[1m^[22m[39m[31m[1m^[22m[39m[31m[1m^[22m[39m[31m[1m^[22m[39m[31m[1m^[22m[39m[31m[1m^[22m[39m[31m[1m^[22m[39m[31m[1m^[22m[39m[31m[1m^[22m[39m[31m[1m^[22m[39m[31m[1m^[22m[39m[31m[1m^[22m[39m[31m[1m^[22m[39m[31m[1m^[22m[39m[31m[1m^[22m[39m[31m[1m^[22m[39m[31m[1m^[22m[39m
[31m[1m>[22m[39m[90m 27 |[39m } [36mfrom[39m [32m"./auth-api"[39m[33m;[39m
 [90m    |[39m [31m[1m^[22m[39m[31m[1m^[22m[39m[31m[1m^[22m[39m[31m[1m^[22m[39m[31m[1m^[22m[39m[31m[1m^[22m[39m[31m[1m^[22m[39m[31m[1m^[22m[39m[31m[1m^[22m[39m[31m[1m^[22m[39m[31m[1m^[22m[39m[31m[1m^[22m[39m[31m[1m^[22m[39m[31m[1m^[22m[39m[31m[1m^[22m[39m[31m[1m^[22m[39m[31m[1m^[22m[39m[31m[1m^[22m[39m[31m[1m^[22m[39m[31m[1m^[22m[39m[31m[1m^[22m[39m
 [90m 28 |[39m
 [90m 29 |[39m [90m/**[39m
 [90m 30 |[39m [90m * Authentication context state[39m[0m

Failed to restore task data (corrupted database or bug): Meta for <ModuleAssetContext as AssetContext>::process (TaskId 192976))

Debug info:
- Execution of <ModuleAssetContext as AssetContext>::process_resolve_result failed
- Failed to restore task data (corrupted database or bug): Meta for <ModuleAssetContext as AssetContext>::process (TaskId 192976))
  
  Caused by:
      0: Looking up data for TaskId 192976 from database failed
      1: Unable to open static sorted file referenced from 00000046.meta
      2: Unable to open static sorted file 00000041.sst
      3: The system cannot find the file specified. (os error 2)


https://nextjs.org/docs/messages/module-not-found


â¨¯ ./lib/auth-context.tsx
Module not found: Can't resolve 'react/jsx-dev-runtime'
Failed to restore task data (corrupted database or bug): Meta for realpath_with_links (TaskId 192990))

Debug info:
- Execution of <ModuleAssetContext as AssetContext>::resolve_asset failed
- Execution of resolve failed
- Execution of resolve_internal failed
- Execution of *ResolveResult::is_unresolvable failed
- Execution of *ResolveResult::with_replaced_request_key_pattern failed
- Execution of resolve_internal failed
- Execution of *ResolveResult::is_unresolvable failed
- Execution of *ResolveResult::with_replaced_request_key_pattern failed
- Execution of resolve_internal failed
- Execution of *ResolveResult::is_unresolvable failed
- Execution of *ResolveResult::with_replaced_request_key failed
- Execution of resolve_into_package failed
- Failed to restore task data (corrupted database or bug): Meta for realpath_with_links (TaskId 192990))
  
  Caused by:
      0: Looking up data for TaskId 192990 from database failed
      1: Unable to open static sorted file referenced from 00000046.meta
      2: Unable to open static sorted file 00000041.sst
      3: The system cannot find the file specified. (os error 2)
Import map: aliased to module 'next' with subpath '/dist/compiled/react/jsx-dev-runtime' inside of [project]/app


https://nextjs.org/docs/messages/module-not-found


â¨¯ ./lib/auth-context.tsx
Module not found: Can't resolve 'react/jsx-dev-runtime'
Failed to restore task data (corrupted database or bug): Meta for realpath_with_links (TaskId 192990))

Debug info:
- Execution of <ModuleAssetContext as AssetContext>::resolve_asset failed
- Execution of resolve failed
- Execution of resolve_internal failed
- Execution of *ResolveResult::is_unresolvable failed
- Execution of *ResolveResult::with_replaced_request_key_pattern failed
- Execution of resolve_internal failed
- Execution of *ResolveResult::is_unresolvable failed
- Execution of *ResolveResult::with_replaced_request_key_pattern failed
- Execution of resolve_internal failed
- Execution of *ResolveResult::is_unresolvable failed
- Execution of *ResolveResult::with_replaced_request_key failed
- Execution of resolve_into_package failed
- Failed to restore task data (corrupted database or bug): Meta for realpath_with_links (TaskId 192990))
  
  Caused by:
      0: Looking up data for TaskId 192990 from database failed
      1: Unable to open static sorted file referenced from 00000046.meta
      2: Unable to open static sorted file 00000041.sst
      3: The system cannot find the file specified. (os error 2)
Import map: aliased to module 'next' with subpath '/dist/compiled/react/jsx-dev-runtime' inside of [project]/app


https://nextjs.org/docs/messages/module-not-found


Persisting failed: Another write batch or compaction is already active (Only a single write operations is allowed at a time)
  Reload env: .env
Persisting failed: Another write batch or compaction is already active (Only a single write operations is allowed at a time)
Persisting failed: Another write batch or compaction is already active (Only a single write operations is allowed at a time)
Persisting failed: Another write batch or compaction is already active (Only a single write operations is allowed at a time)
Persisting failed: Another write batch or compaction is already active (Only a single write operations is allowed at a time)
Persisting failed: Another write batch or compaction is already active (Only a single write operations is allowed at a time)
Persisting failed: Another write batch or compaction is already active (Only a single write operations is allowed at a time)
Persisting failed: Another write batch or compaction is already active (Only a single write operations is allowed at a time)
Persisting failed: Another write batch or compaction is already active (Only a single write operations is allowed at a time)
Persisting failed: Another write batch or compaction is already active (Only a single write operations is allowed at a time)
Persisting failed: Another write batch or compaction is already active (Only a single write operations is allowed at a time)
Persisting failed: Another write batch or compaction is already active (Only a single write operations is allowed at a time)
Persisting failed: Another write batch or compaction is already active (Only a single write operations is allowed at a time)
